<?xml version="1.0" encoding="UTF-8"?>
<!-- Generated by org.testng.reporters.JUnitXMLReporter -->
<testsuite ignored="0" hostname="LAPTOP-1BNHRBMA" failures="0" tests="4" name="Default test" time="8.611" errors="0" timestamp="2021-07-18T10:42:35 IST">
  <testcase classname="Com.Qa.Test.ParaBankLoginPageTest" name="ParaBankappTest" time="5.637"/>
  <testcase classname="Com.Qa.Test.ParaBankLoginPageTest" name="EnterParaBankUNCredentials" time="0.05"/>
  <testcase classname="Com.Qa.Test.ParaBankLoginPageTest" name="EnterParaBankPWDCredentials" time="2.266"/>
  <testcase classname="Com.Qa.Test.ParaBankLoginPageTest" name="teardown" time="0.627"/>
</testsuite> <!-- Default test -->
