<?xml version="1.0" encoding="UTF-8"?>
<!-- Generated by org.testng.reporters.JUnitXMLReporter -->
<testsuite ignored="0" hostname="LAPTOP-1BNHRBMA" failures="0" tests="4" name="Test" time="9.625" errors="0" timestamp="18 Jul 2021 05:43:10 GMT">
  <testcase classname="Com.Qa.Test.ParaBankLoginPageTest" name="ParaBankappTest" time="7.28"/>
  <testcase classname="Com.Qa.Test.ParaBankLoginPageTest" name="EnterParaBankUNCredentials" time="0.078"/>
  <testcase classname="Com.Qa.Test.ParaBankLoginPageTest" name="EnterParaBankPWDCredentials" time="1.479"/>
  <testcase classname="Com.Qa.Test.ParaBankLoginPageTest" name="teardown" time="0.639"/>
</testsuite> <!-- Test -->
