<?xml version="1.0" encoding="UTF-8"?>
<testng-results ignored="0" total="4" passed="4" failed="0" skipped="0">
  <reporter-output>
  </reporter-output>
  <suite started-at="2021-07-18T05:43:01Z" name="Suite" finished-at="2021-07-18T05:43:10Z" duration-ms="9625">
    <groups>
    </groups>
    <test started-at="2021-07-18T05:43:01Z" name="Test" finished-at="2021-07-18T05:43:10Z" duration-ms="9625">
      <class name="Com.Qa.Test.ParaBankLoginPageTest">
        <test-method signature="ParaBankappTest()[pri:1, instance:Com.Qa.Test.ParaBankLoginPageTest@3bead518]" started-at="2021-07-18T05:43:01Z" name="ParaBankappTest" finished-at="2021-07-18T05:43:08Z" duration-ms="7280" status="PASS">
          <reporter-output>
          </reporter-output>
        </test-method> <!-- ParaBankappTest -->
        <test-method signature="EnterParaBankUNCredentials()[pri:2, instance:Com.Qa.Test.ParaBankLoginPageTest@3bead518]" started-at="2021-07-18T05:43:08Z" name="EnterParaBankUNCredentials" finished-at="2021-07-18T05:43:08Z" duration-ms="78" status="PASS">
          <reporter-output>
          </reporter-output>
        </test-method> <!-- EnterParaBankUNCredentials -->
        <test-method signature="EnterParaBankPWDCredentials()[pri:3, instance:Com.Qa.Test.ParaBankLoginPageTest@3bead518]" started-at="2021-07-18T05:43:08Z" name="EnterParaBankPWDCredentials" finished-at="2021-07-18T05:43:10Z" duration-ms="1479" status="PASS">
          <reporter-output>
          </reporter-output>
        </test-method> <!-- EnterParaBankPWDCredentials -->
        <test-method signature="teardown()[pri:4, instance:Com.Qa.Test.ParaBankLoginPageTest@3bead518]" started-at="2021-07-18T05:43:10Z" name="teardown" finished-at="2021-07-18T05:43:10Z" duration-ms="639" status="PASS">
          <reporter-output>
          </reporter-output>
        </test-method> <!-- teardown -->
      </class> <!-- Com.Qa.Test.ParaBankLoginPageTest -->
    </test> <!-- Test -->
  </suite> <!-- Suite -->
</testng-results>
